#
# There is insufficient memory for the Java Runtime Environment to continue.
# Native memory allocation (mmap) failed to map 169869312 bytes for Failed to commit area from 0x000000075fc00000 to 0x0000000769e00000 of length 169869312.
# Possible reasons:
#   The system is out of physical RAM or swap space
#   The process is running with CompressedOops enabled, and the Java Heap may be blocking the growth of the native heap
# Possible solutions:
#   Reduce memory load on the system
#   Increase physical memory or swap space
#   Check if swap backing store is full
#   Decrease Java heap size (-Xmx/-Xms)
#   Decrease number of Java threads
#   Decrease Java thread stack sizes (-Xss)
#   Set larger code cache with -XX:ReservedCodeCacheSize=
# This output file may be truncated or incomplete.
#
#  Out of Memory Error (t:/workspace/open/src/hotspot/os/windows/os_windows.cpp:3269), pid=8132, tid=6168
#
# JRE version:  (11.0.2+9) (build )
# Java VM: OpenJDK 64-Bit Server VM (11.0.2+9, mixed mode, aot, sharing, tiered, compressed oops, g1 gc, windows-amd64)
# No core dump will be written. Minidumps are not enabled by default on client versions of Windows
#

---------------  S U M M A R Y ------------

Command Line: -Dclassworlds.conf=C:\dev\apache-maven-3.8.4\bin\m2.conf -Dmaven.home=C:\dev\apache-maven-3.8.4 -Dlibrary.jansi.path=C:\dev\apache-maven-3.8.4\lib\jansi-native -Dmaven.multiModuleProjectDirectory=C:\dev\Eclipse.WS\eclipse-2022-12\selenium-lib org.codehaus.plexus.classworlds.launcher.Launcher test

Host: Intel(R) Core(TM) i7-6700 CPU @ 3.40GHz, 4 cores, 10G,  Windows 10 , 64 bit Build 19041 (10.0.19041.2364)
Time: Wed Jan  4 18:09:12 2023 Mitteleuropäische Zeit elapsed time: 0 seconds (0d 0h 0m 0s)

---------------  T H R E A D  ---------------

Current thread (0x000001d425bae800):  JavaThread "Unknown thread" [_thread_in_vm, id=6168, stack(0x00000079d2d00000,0x00000079d2e00000)]

Stack: [0x00000079d2d00000,0x00000079d2e00000]
Native frames: (J=compiled Java code, j=interpreted, Vv=VM code, C=native code)
V  [jvm.dll+0x63489a]
V  [jvm.dll+0x771f9f]
V  [jvm.dll+0x773648]
V  [jvm.dll+0x773d03]
V  [jvm.dll+0x25eba8]
V  [jvm.dll+0x631d3a]
V  [jvm.dll+0x626775]
V  [jvm.dll+0x313ffc]
V  [jvm.dll+0x313e82]
V  [jvm.dll+0x3196e6]
V  [jvm.dll+0x36579f]
V  [jvm.dll+0x3651c0]
V  [jvm.dll+0x2f0ff8]
V  [jvm.dll+0x2f2156]
V  [jvm.dll+0x74b4f7]
V  [jvm.dll+0x74cc3f]
V  [jvm.dll+0x372609]
V  [jvm.dll+0x731b69]
V  [jvm.dll+0x3e1bad]
V  [jvm.dll+0x3e3e81]
C  [java.exe+0x3607]
C  [java.exe+0x1746c]
C  [KERNEL32.DLL+0x17614]
C  [ntdll.dll+0x526a1]


---------------  P R O C E S S  ---------------

Threads class SMR info:
_java_thread_list=0x000001d425ad1350, length=0, elements={
}

Java Threads: ( => current thread )

Other Threads:
  0x000001d427378000 GCTaskThread "GC Thread#0" [stack: 0x00000079d2e00000,0x00000079d2f00000] [id=5608]
  0x000001d4273b7000 ConcurrentGCThread "G1 Main Marker" [stack: 0x00000079d2f00000,0x00000079d3000000] [id=5988]
  0x000001d4273b9000 ConcurrentGCThread "G1 Conc#0" [stack: 0x00000079d3000000,0x00000079d3100000] [id=11684]

[error occurred during error reporting (printing all threads), id 0xc0000005, EXCEPTION_ACCESS_VIOLATION (0xc0000005) at pc=0x00007ffb8429f5b7]

VM state:not at safepoint (not fully initialized)

VM Mutex/Monitor currently owned by a thread:  ([mutex/lock_event])
[0x000001d427360ee0] Heap_lock - owner thread: 0x000001d425bae800

Heap address: 0x000000075fc00000, size: 2564 MB, Compressed Oops mode: Non-zero based: 0x000000075fc00000
Narrow klass base: 0x0000000000000000, Narrow klass shift: 0

GC Heap History (0 events):
No events

Deoptimization events (0 events):
No events

Classes redefined (0 events):
No events

Internal exceptions (0 events):
No events

Events (0 events):
No events


Dynamic libraries:
0x00007ff758cc0000 - 0x00007ff758d05000 	C:\dev\Java\jdk-11.0.2\bin\java.exe
0x00007ffba8090000 - 0x00007ffba8288000 	C:\WINDOWS\SYSTEM32\ntdll.dll
0x00007ffba69b0000 - 0x00007ffba6a6f000 	C:\WINDOWS\System32\KERNEL32.DLL
0x00007ffba5a60000 - 0x00007ffba5d32000 	C:\WINDOWS\System32\KERNELBASE.dll
0x00007ffba6da0000 - 0x00007ffba6f41000 	C:\WINDOWS\System32\USER32.dll
0x00007ffba5780000 - 0x00007ffba57a2000 	C:\WINDOWS\System32\win32u.dll
0x00007ffba7030000 - 0x00007ffba705b000 	C:\WINDOWS\System32\GDI32.dll
0x00007ffba5d40000 - 0x00007ffba5e4f000 	C:\WINDOWS\System32\gdi32full.dll
0x00007ffba59c0000 - 0x00007ffba5a5d000 	C:\WINDOWS\System32\msvcp_win.dll
0x00007ffba5830000 - 0x00007ffba5930000 	C:\WINDOWS\System32\ucrtbase.dll
0x00007ffb8eb30000 - 0x00007ffb8edca000 	C:\WINDOWS\WinSxS\amd64_microsoft.windows.common-controls_6595b64144ccf1df_6.0.19041.1110_none_60b5254171f9507e\COMCTL32.dll
0x00007ffba6d00000 - 0x00007ffba6d9e000 	C:\WINDOWS\System32\msvcrt.dll
0x00007ffba7150000 - 0x00007ffba7182000 	C:\WINDOWS\System32\IMM32.DLL
0x00007ffb96270000 - 0x00007ffb96286000 	C:\dev\Java\jdk-11.0.2\bin\vcruntime140.dll
0x00007ffb94e10000 - 0x00007ffb94eba000 	C:\dev\Java\jdk-11.0.2\bin\msvcp140.dll
0x00007ffb83fa0000 - 0x00007ffb84ac3000 	C:\dev\Java\jdk-11.0.2\bin\server\jvm.dll
0x00007ffba6f80000 - 0x00007ffba702e000 	C:\WINDOWS\System32\ADVAPI32.dll
0x00007ffba6910000 - 0x00007ffba69ac000 	C:\WINDOWS\System32\sechost.dll
0x00007ffba6a70000 - 0x00007ffba6b95000 	C:\WINDOWS\System32\RPCRT4.dll
0x00007ffba68a0000 - 0x00007ffba68a8000 	C:\WINDOWS\System32\PSAPI.DLL
0x00007ffb7b180000 - 0x00007ffb7b189000 	C:\WINDOWS\SYSTEM32\WSOCK32.dll
0x00007ffba6bb0000 - 0x00007ffba6c1b000 	C:\WINDOWS\System32\WS2_32.dll
0x00007ffb8f7f0000 - 0x00007ffb8f817000 	C:\WINDOWS\SYSTEM32\WINMM.dll
0x00007ffb9ebb0000 - 0x00007ffb9ebba000 	C:\WINDOWS\SYSTEM32\VERSION.dll
0x00007ffba3660000 - 0x00007ffba3672000 	C:\WINDOWS\SYSTEM32\kernel.appcore.dll
0x00007ffb96250000 - 0x00007ffb96261000 	C:\dev\Java\jdk-11.0.2\bin\verify.dll
0x00007ffb9c500000 - 0x00007ffb9c6e4000 	C:\WINDOWS\SYSTEM32\DBGHELP.DLL
0x00007ffb9c480000 - 0x00007ffb9c4b5000 	C:\WINDOWS\SYSTEM32\dbgcore.DLL
0x00007ffba5930000 - 0x00007ffba59b2000 	C:\WINDOWS\System32\bcryptPrimitives.dll
0x00007ffb961c0000 - 0x00007ffb961e8000 	C:\dev\Java\jdk-11.0.2\bin\java.dll
0x00007ffb96230000 - 0x00007ffb96246000 	C:\dev\Java\jdk-11.0.2\bin\zip.dll
0x00007ffb96c00000 - 0x00007ffb96c0a000 	C:\dev\Java\jdk-11.0.2\bin\jimage.dll

dbghelp: loaded successfully - version: 4.0.5 - missing functions: none
symbol engine: initialized successfully - sym options: 0x614 - pdb path: .;C:\dev\Java\jdk-11.0.2\bin;C:\WINDOWS\SYSTEM32;C:\WINDOWS\WinSxS\amd64_microsoft.windows.common-controls_6595b64144ccf1df_6.0.19041.1110_none_60b5254171f9507e;C:\dev\Java\jdk-11.0.2\bin\server

VM Arguments:
jvm_args: -Dclassworlds.conf=C:\dev\apache-maven-3.8.4\bin\m2.conf -Dmaven.home=C:\dev\apache-maven-3.8.4 -Dlibrary.jansi.path=C:\dev\apache-maven-3.8.4\lib\jansi-native -Dmaven.multiModuleProjectDirectory=C:\dev\Eclipse.WS\eclipse-2022-12\selenium-lib 
java_command: org.codehaus.plexus.classworlds.launcher.Launcher test
java_class_path (initial): C:\dev\apache-maven-3.8.4\boot\plexus-classworlds-2.6.0.jar
Launcher Type: SUN_STANDARD

[Global flags]
     intx CICompilerCount                          = 3                                         {product} {ergonomic}
     uint ConcGCThreads                            = 1                                         {product} {ergonomic}
     uint G1ConcRefinementThreads                  = 4                                         {product} {ergonomic}
   size_t G1HeapRegionSize                         = 1048576                                   {product} {ergonomic}
    uintx GCDrainStackTargetSize                   = 64                                        {product} {ergonomic}
   size_t InitialHeapSize                          = 169869312                                 {product} {ergonomic}
   size_t MarkStackSize                            = 4194304                                   {product} {ergonomic}
   size_t MaxHeapSize                              = 2688548864                                {product} {ergonomic}
   size_t MinHeapDeltaBytes                        = 1048576                                   {product} {ergonomic}
    uintx NonNMethodCodeHeapSize                   = 5830092                                {pd product} {ergonomic}
    uintx NonProfiledCodeHeapSize                  = 122914074                              {pd product} {ergonomic}
    uintx ProfiledCodeHeapSize                     = 122914074                              {pd product} {ergonomic}
    uintx ReservedCodeCacheSize                    = 251658240                              {pd product} {ergonomic}
     bool SegmentedCodeCache                       = true                                      {product} {ergonomic}
     bool UseCompressedClassPointers               = true                                 {lp64_product} {ergonomic}
     bool UseCompressedOops                        = true                                 {lp64_product} {ergonomic}
     bool UseG1GC                                  = true                                      {product} {ergonomic}
     bool UseLargePagesIndividualAllocation        = false                                  {pd product} {ergonomic}

Logging:
Log output configuration:
 #0: stdout all=warning uptime,level,tags
 #1: stderr all=off uptime,level,tags

Environment Variables:
JAVA_HOME=C:\dev\Java\jdk-11.0.2
JRE_HOME=C:\dev\Java\jdk-11.0.2
PATH=C:/Users/grisuVmBox/.p2/pool/plugins/org.eclipse.justj.openjdk.hotspot.jre.full.win32.x86_64_19.0.1.v20221102-1007/jre/bin/server;C:/Users/grisuVmBox/.p2/pool/plugins/org.eclipse.justj.openjdk.hotspot.jre.full.win32.x86_64_19.0.1.v20221102-1007/jre/bin;C:\dev\Java\jdk-11.0.2\bin;C:\WINDOWS\system32;C:\WINDOWS;C:\WINDOWS\System32\Wbem;C:\WINDOWS\System32\WindowsPowerShell\v1.0\;C:\WINDOWS\System32\OpenSSH\;C:\dev\apache-maven-3.8.4\bin;%JAVA_HOME%\bin;C:\Program Files\Git\cmd;C:\Users\grisuVmBox\AppData\Local\Microsoft\WindowsApps;C:\dev\apache-maven-3.8.4\bin;C:\dev\Java\jdk-11.0.2\bin;;C:\WINDOWS\system32;
USERNAME=grisuVmBox
OS=Windows_NT
PROCESSOR_IDENTIFIER=Intel64 Family 6 Model 94 Stepping 3, GenuineIntel



---------------  S Y S T E M  ---------------

OS: Windows 10 , 64 bit Build 19041 (10.0.19041.2364)

CPU:total 4 (initial active 4) (4 cores per cpu, 1 threads per core) family 6 model 94 stepping 3, cmov, cx8, fxsr, mmx, sse, sse2, sse3, ssse3, sse4.1, sse4.2, popcnt, avx, avx2, aes, clmul, 3dnowpref, lzcnt, tsc, tscinvbit, bmi1, bmi2

Memory: 4k page, system-wide physical 10255M (298M free)
TotalPageFile size 19071M (AvailPageFile size 90M)
current process WorkingSet (physical memory assigned to process): 9M, peak: 9M
current process commit charge ("private bytes"): 51M, peak: 213M

vm_info: OpenJDK 64-Bit Server VM (11.0.2+9) for windows-amd64 JRE (11.0.2+9), built on Jan 18 2019 05:23:22 by "mach5one" with MS VC++ 15.5 (VS2017)

END.
